<?xml version="1.0" encoding="UTF-8"?>
<!-- Generated by org.testng.reporters.JUnitXMLReporter -->
<testsuite hostname="EPLLP047" name="Test1" tests="6" failures="0" timestamp="29 Nov 2019 09:14:50 GMT" time="41.242" errors="0">
  <testcase name="@BeforeMethod beforeTest" time="0.0" classname="qa.com.test.testcases.LoginTestcase">
    <failure type="org.openqa.selenium.SessionNotCreatedException" message="session not created
from chrome not reachable
  (Session info: chrome=78.0.3904.108)
Build info: version: &amp;apos;3.141.59&amp;apos;, revision: &amp;apos;e82be7d358&amp;apos;, time: &amp;apos;2018-11-14T08:17:03&amp;apos;
System info: host: &amp;apos;EPLLP047&amp;apos;, ip: &amp;apos;192.168.1.26&amp;apos;, os.name: &amp;apos;Windows 10&amp;apos;, os.arch: &amp;apos;amd64&amp;apos;, os.version: &amp;apos;10.0&amp;apos;, java.version: &amp;apos;1.8.0_144&amp;apos;
Driver info: driver.version: ChromeDriver
remote stacktrace: Backtrace:
	Ordinal0 [0x00D5EB13+1501971]
	Ordinal0 [0x00CDF6D1+980689]
	Ordinal0 [0x00C67508+488712]
	Ordinal0 [0x00C6131A+463642]
	Ordinal0 [0x00C619C8+465352]
	Ordinal0 [0x00C62AA5+469669]
	Ordinal0 [0x00C5EC85+453765]
	Ordinal0 [0x00C68330+492336]
	Ordinal0 [0x00C1A108+172296]
	Ordinal0 [0x00C1942D+169005]
	Ordinal0 [0x00C178EB+162027]
	Ordinal0 [0x00C00AC7+68295]
	Ordinal0 [0x00C01B40+72512]
	Ordinal0 [0x00C01AD9+72409]
	Ordinal0 [0x00CF8F37+1085239]
	GetHandleVerifier [0x00DFD7ED+503293]
	GetHandleVerifier [0x00DFD580+502672]
	GetHandleVerifier [0x00E046AC+531644]
	GetHandleVerifier [0x00DFDFFA+505354]
	Ordinal0 [0x00CF0606+1050118]
	Ordinal0 [0x00CF047F+1049727]
	Ordinal0 [0x00CFAF9B+1093531]
	Ordinal0 [0x00CFB103+1093891]
	Ordinal0 [0x00CFA095+1089685]
	BaseThreadInitThunk [0x75076359+25]
	RtlGetAppContainerNamedObjectPath [0x77047B74+228]
	RtlGetAppContainerNamedObjectPath [0x77047B44+180]
">
      <![CDATA[org.openqa.selenium.SessionNotCreatedException: session not created
from chrome not reachable
  (Session info: chrome=78.0.3904.108)
Build info: version: '3.141.59', revision: 'e82be7d358', time: '2018-11-14T08:17:03'
System info: host: 'EPLLP047', ip: '192.168.1.26', os.name: 'Windows 10', os.arch: 'amd64', os.version: '10.0', java.version: '1.8.0_144'
Driver info: driver.version: ChromeDriver
remote stacktrace: Backtrace:
	Ordinal0 [0x00D5EB13+1501971]
	Ordinal0 [0x00CDF6D1+980689]
	Ordinal0 [0x00C67508+488712]
	Ordinal0 [0x00C6131A+463642]
	Ordinal0 [0x00C619C8+465352]
	Ordinal0 [0x00C62AA5+469669]
	Ordinal0 [0x00C5EC85+453765]
	Ordinal0 [0x00C68330+492336]
	Ordinal0 [0x00C1A108+172296]
	Ordinal0 [0x00C1942D+169005]
	Ordinal0 [0x00C178EB+162027]
	Ordinal0 [0x00C00AC7+68295]
	Ordinal0 [0x00C01B40+72512]
	Ordinal0 [0x00C01AD9+72409]
	Ordinal0 [0x00CF8F37+1085239]
	GetHandleVerifier [0x00DFD7ED+503293]
	GetHandleVerifier [0x00DFD580+502672]
	GetHandleVerifier [0x00E046AC+531644]
	GetHandleVerifier [0x00DFDFFA+505354]
	Ordinal0 [0x00CF0606+1050118]
	Ordinal0 [0x00CF047F+1049727]
	Ordinal0 [0x00CFAF9B+1093531]
	Ordinal0 [0x00CFB103+1093891]
	Ordinal0 [0x00CFA095+1089685]
	BaseThreadInitThunk [0x75076359+25]
	RtlGetAppContainerNamedObjectPath [0x77047B74+228]
	RtlGetAppContainerNamedObjectPath [0x77047B44+180]

	at org.openqa.selenium.remote.W3CHandshakeResponse.lambda$errorHandler$0(W3CHandshakeResponse.java:62)
	at org.openqa.selenium.remote.HandshakeResponse.lambda$getResponseFunction$0(HandshakeResponse.java:30)
	at org.openqa.selenium.remote.ProtocolHandshake.lambda$createSession$0(ProtocolHandshake.java:126)
	at java.util.stream.ReferencePipeline$3$1.accept(Unknown Source)
	at java.util.Spliterators$ArraySpliterator.tryAdvance(Unknown Source)
	at java.util.stream.ReferencePipeline.forEachWithCancel(Unknown Source)
	at java.util.stream.AbstractPipeline.copyIntoWithCancel(Unknown Source)
	at java.util.stream.AbstractPipeline.copyInto(Unknown Source)
	at java.util.stream.AbstractPipeline.wrapAndCopyInto(Unknown Source)
	at java.util.stream.FindOps$FindOp.evaluateSequential(Unknown Source)
	at java.util.stream.AbstractPipeline.evaluate(Unknown Source)
	at java.util.stream.ReferencePipeline.findFirst(Unknown Source)
	at org.openqa.selenium.remote.ProtocolHandshake.createSession(ProtocolHandshake.java:128)
	at org.openqa.selenium.remote.ProtocolHandshake.createSession(ProtocolHandshake.java:74)
	at org.openqa.selenium.remote.HttpCommandExecutor.execute(HttpCommandExecutor.java:136)
	at org.openqa.selenium.remote.service.DriverCommandExecutor.execute(DriverCommandExecutor.java:83)
	at org.openqa.selenium.remote.RemoteWebDriver.execute(RemoteWebDriver.java:552)
	at org.openqa.selenium.remote.RemoteWebDriver.startSession(RemoteWebDriver.java:213)
	at org.openqa.selenium.remote.RemoteWebDriver.<init>(RemoteWebDriver.java:131)
	at org.openqa.selenium.chrome.ChromeDriver.<init>(ChromeDriver.java:181)
	at org.openqa.selenium.chrome.ChromeDriver.<init>(ChromeDriver.java:168)
	at org.openqa.selenium.chrome.ChromeDriver.<init>(ChromeDriver.java:123)
	at qa.com.baseclass.Baseclass.beforeTest(Baseclass.java:42)
... Removed 30 stack frames]]>
    </failure>
  </testcase> <!-- @BeforeMethod beforeTest -->
  <testcase name="@AfterMethod afterTest" time="0.0" classname="qa.com.test.testcases.LoginTestcase">
    <skipped/>
  </testcase> <!-- @AfterMethod afterTest -->
  <testcase name="@BeforeMethod beforeTest" time="0.0" classname="qa.com.test.testcases.LoginTestcase">
    <skipped/>
  </testcase> <!-- @BeforeMethod beforeTest -->
  <testcase name="@AfterMethod afterTest" time="0.0" classname="qa.com.test.testcases.LoginTestcase">
    <skipped/>
  </testcase> <!-- @AfterMethod afterTest -->
  <testcase name="@BeforeMethod beforeTest" time="0.0" classname="qa.com.test.testcases.RegisterTestcase">
    <skipped/>
  </testcase> <!-- @BeforeMethod beforeTest -->
  <testcase name="@AfterMethod afterTest" time="0.0" classname="qa.com.test.testcases.RegisterTestcase">
    <skipped/>
  </testcase> <!-- @AfterMethod afterTest -->
  <testcase name="@BeforeMethod beforeTest" time="0.0" classname="qa.com.test.testcases.RegisterTestcase">
    <skipped/>
  </testcase> <!-- @BeforeMethod beforeTest -->
  <testcase name="@AfterMethod afterTest" time="0.0" classname="qa.com.test.testcases.RegisterTestcase">
    <skipped/>
  </testcase> <!-- @AfterMethod afterTest -->
  <testcase name="@BeforeMethod beforeTest" time="0.0" classname="qa.com.test.testcases.RegisterTestcase">
    <skipped/>
  </testcase> <!-- @BeforeMethod beforeTest -->
  <testcase name="@AfterMethod afterTest" time="0.0" classname="qa.com.test.testcases.RegisterTestcase">
    <skipped/>
  </testcase> <!-- @AfterMethod afterTest -->
  <testcase name="EmailFacebookLogin" time="9.773" classname="qa.com.test.testcases.LoginTestcase"/>
  <testcase name="GoogleLoginTestcase" time="0.003" classname="qa.com.test.testcases.LoginTestcase">
    <skipped/>
  </testcase> <!-- GoogleLoginTestcase -->
  <testcase name="LoginManualEmailPasswordcorrect" time="0.003" classname="qa.com.test.testcases.LoginTestcase">
    <skipped/>
  </testcase> <!-- LoginManualEmailPasswordcorrect -->
  <testcase name="EmailFacebookRegister" time="0.002" classname="qa.com.test.testcases.RegisterTestcase">
    <skipped/>
  </testcase> <!-- EmailFacebookRegister -->
  <testcase name="GoogleRegisterTestcase" time="0.002" classname="qa.com.test.testcases.RegisterTestcase">
    <skipped/>
  </testcase> <!-- GoogleRegisterTestcase -->
  <testcase name="RegisterManualEmailPasswordcorrect" time="0.002" classname="qa.com.test.testcases.RegisterTestcase">
    <skipped/>
  </testcase> <!-- RegisterManualEmailPasswordcorrect -->
</testsuite> <!-- Test1 -->
