<?xml version="1.0" encoding="UTF-8"?>
<!-- Generated by org.testng.reporters.JUnitXMLReporter -->
<testsuite hostname="EPLLP047" name="Test1" tests="8" failures="0" timestamp="19 Dec 2019 04:17:33 GMT" time="306.582" errors="0">
  <testcase name="RegisterManualEmailPasswordcorrect" time="24.889" classname="qa.com.test.testcases.RegisterTestcase"/>
  <testcase name="EmailFacebookRegister" time="18.698" classname="qa.com.test.testcases.RegisterTestcase"/>
  <testcase name="GoogleRegisterTestcase" time="40.545" classname="qa.com.test.testcases.RegisterTestcase"/>
  <testcase name="LoginManualEmailPasswordcorrect" time="13.178" classname="qa.com.test.testcases.LoginTestcase"/>
  <testcase name="EmailFacebookLogin" time="21.107" classname="qa.com.test.testcases.LoginTestcase"/>
  <testcase name="GoogleLoginTestcase" time="21.061" classname="qa.com.test.testcases.LoginTestcase"/>
  <testcase name="sellerOnboardingUsingDataBaseskill" time="49.094" classname="qa.com.test.testcases.SellerOnboardingTestcase"/>
  <testcase name="buyerRegistrationNonasIndividual" time="45.184" classname="qa.com.test.testcases.BuyerRegistrationTestcase"/>
</testsuite> <!-- Test1 -->
