<?xml version="1.0" encoding="UTF-8"?>
<testsuite xmlns:xsi="http://www.w3.org/2001/XMLSchema-instance" xsi:noNamespaceSchemaLocation="https://maven.apache.org/surefire/maven-surefire-plugin/xsd/surefire-test-report-3.0.xsd" version="3.0" name="TestSuite" time="214.6" tests="8" errors="0" skipped="1" failures="3">
  <properties>
[...]
</properties>
  <testcase name="EmailFacebookLogin" classname="qa.com.test.testcases.LoginTestcase" time="9.843"/>
  <testcase name="GoogleLoginTestcase" classname="qa.com.test.testcases.LoginTestcase" time="9.604">
    <failure message="null value in entry: handle=null" type="java.lang.NullPointerException">java.lang.NullPointerException: null value in entry: handle=null
	at qa.com.test.testcases.LoginTestcase.GoogleLoginTestcase(LoginTestcase.java:60)
</failure>
    <system-err><![CDATA[Starting ChromeDriver 77.0.3865.40 (f484704e052e0b556f8030b65b953dce96503217-refs/branch-heads/3865@{#442}) on port 27016
Only local connections are allowed.
Please protect ports used by ChromeDriver and related test frameworks to prevent access by malicious code.
[1575552313.493][WARNING]: This version of ChromeDriver has not been tested with Chrome version 78.
[1575552315.516][WARNING]: Timed out connecting to Chrome, retrying...
Dec 05, 2019 6:55:17 PM org.openqa.selenium.remote.ProtocolHandshake createSession
INFO: Detected dialect: W3C
[1575552324.842][WARNING]: Timed out connecting to Chrome, retrying...
]]></system-err>
  </testcase>
  <testcase name="LoginManualEmailPasswordcorrect" classname="qa.com.test.testcases.LoginTestcase" time="3.065"/>
  <testcase name="EmailFacebookRegister" classname="qa.com.test.testcases.RegisterTestcase" time="9.13"/>
  <testcase name="GoogleRegisterTestcase" classname="qa.com.test.testcases.RegisterTestcase" time="9.519"/>
  <testcase name="RegisterManualEmailPasswordcorrect" classname="qa.com.test.testcases.RegisterTestcase" time="106.371">
    <failure message="Expected condition failed: waiting for visibility of element located by By.xpath: //*[@id=&apos;password-field1&apos;] (tried for 100 second(s) with 500 milliseconds interval)" type="org.openqa.selenium.TimeoutException">org.openqa.selenium.TimeoutException: Expected condition failed: waiting for visibility of element located by By.xpath: //*[@id='password-field1'] (tried for 100 second(s) with 500 milliseconds interval)
	at qa.com.test.testcases.RegisterTestcase.RegisterManualEmailPasswordcorrect(RegisterTestcase.java:23)
Caused by: org.openqa.selenium.NoSuchWindowException: 
no such window: target window already closed
from unknown error: web view not found
  (Session info: chrome=78.0.3904.108)
Build info: version: '3.141.59', revision: 'e82be7d358', time: '2018-11-14T08:17:03'
System info: host: 'EPLLP047', ip: '192.168.1.10', os.name: 'Windows 10', os.arch: 'amd64', os.version: '10.0', java.version: '1.8.0_144'
Driver info: org.openqa.selenium.chrome.ChromeDriver
Capabilities {acceptInsecureCerts: false, browserName: chrome, browserVersion: 78.0.3904.108, chrome: {chromedriverVersion: 77.0.3865.40 (f484704e052e0..., userDataDir: C:\Users\Swathi\AppData\Loc...}, goog:chromeOptions: {debuggerAddress: localhost:58408}, javascriptEnabled: true, networkConnectionEnabled: false, pageLoadStrategy: normal, platform: XP, platformName: XP, proxy: Proxy(), setWindowRect: true, strictFileInteractability: false, timeouts: {implicit: 0, pageLoad: 300000, script: 30000}, unhandledPromptBehavior: dismiss and notify}
Session ID: 131d054331070360efd09164dbc9785e
*** Element info: {Using=xpath, value=//*[@id='password-field1']}
	at qa.com.test.testcases.RegisterTestcase.RegisterManualEmailPasswordcorrect(RegisterTestcase.java:23)
</failure>
    <system-err><![CDATA[Starting ChromeDriver 77.0.3865.40 (f484704e052e0b556f8030b65b953dce96503217-refs/branch-heads/3865@{#442}) on port 24817
Only local connections are allowed.
Please protect ports used by ChromeDriver and related test frameworks to prevent access by malicious code.
[1575552383.685][WARNING]: This version of ChromeDriver has not been tested with Chrome version 78.
[1575552385.707][WARNING]: Timed out connecting to Chrome, retrying...
Dec 05, 2019 6:56:27 PM org.openqa.selenium.remote.ProtocolHandshake createSession
INFO: Detected dialect: W3C
]]></system-err>
  </testcase>
  <testcase name="afterTest" classname="qa.com.test.testcases.RegisterTestcase" time="110.409">
    <failure message="chrome not reachable&#10;  (Session info: chrome=78.0.3904.108)&#10;Build info: version: &apos;3.141.59&apos;, revision: &apos;e82be7d358&apos;, time: &apos;2018-11-14T08:17:03&apos;&#10;System info: host: &apos;EPLLP047&apos;, ip: &apos;192.168.1.10&apos;, os.name: &apos;Windows 10&apos;, os.arch: &apos;amd64&apos;, os.version: &apos;10.0&apos;, java.version: &apos;1.8.0_144&apos;&#10;Driver info: org.openqa.selenium.chrome.ChromeDriver&#10;Capabilities {acceptInsecureCerts: false, browserName: chrome, browserVersion: 78.0.3904.108, chrome: {chromedriverVersion: 77.0.3865.40 (f484704e052e0..., userDataDir: C:\Users\Swathi\AppData\Loc...}, goog:chromeOptions: {debuggerAddress: localhost:58408}, javascriptEnabled: true, networkConnectionEnabled: false, pageLoadStrategy: normal, platform: XP, platformName: XP, proxy: Proxy(), setWindowRect: true, strictFileInteractability: false, timeouts: {implicit: 0, pageLoad: 300000, script: 30000}, unhandledPromptBehavior: dismiss and notify}&#10;Session ID: 131d054331070360efd09164dbc9785e" type="org.openqa.selenium.WebDriverException">org.openqa.selenium.WebDriverException: 
chrome not reachable
  (Session info: chrome=78.0.3904.108)
Build info: version: '3.141.59', revision: 'e82be7d358', time: '2018-11-14T08:17:03'
System info: host: 'EPLLP047', ip: '192.168.1.10', os.name: 'Windows 10', os.arch: 'amd64', os.version: '10.0', java.version: '1.8.0_144'
Driver info: org.openqa.selenium.chrome.ChromeDriver
Capabilities {acceptInsecureCerts: false, browserName: chrome, browserVersion: 78.0.3904.108, chrome: {chromedriverVersion: 77.0.3865.40 (f484704e052e0..., userDataDir: C:\Users\Swathi\AppData\Loc...}, goog:chromeOptions: {debuggerAddress: localhost:58408}, javascriptEnabled: true, networkConnectionEnabled: false, pageLoadStrategy: normal, platform: XP, platformName: XP, proxy: Proxy(), setWindowRect: true, strictFileInteractability: false, timeouts: {implicit: 0, pageLoad: 300000, script: 30000}, unhandledPromptBehavior: dismiss and notify}
Session ID: 131d054331070360efd09164dbc9785e
</failure>
  </testcase>
  <testcase name="tearDownTest" classname="qa.com.test.testcases.RegisterTestcase" time="0">
    <skipped/>
  </testcase>
</testsuite>