<?xml version="1.0" encoding="UTF-8"?>
<testng-results skipped="0" failed="1" total="3" passed="2">
  <reporter-output>
  </reporter-output>
  <suite name="Default suite" duration-ms="41524" started-at="2019-12-11T10:27:49Z" finished-at="2019-12-11T10:28:30Z">
    <groups>
    </groups>
    <test name="Default test" duration-ms="41524" started-at="2019-12-11T10:27:49Z" finished-at="2019-12-11T10:28:30Z">
      <class name="qa.com.test.testcases.LoginTestcase">
        <test-method status="PASS" signature="setupTest()[pri:0, instance:qa.com.test.testcases.LoginTestcase@4678c730]" name="setupTest" is-config="true" duration-ms="448" started-at="2019-12-11T15:57:48Z" finished-at="2019-12-11T15:57:49Z">
          <reporter-output>
          </reporter-output>
        </test-method> <!-- setupTest -->
        <test-method status="PASS" signature="beforeTest()[pri:0, instance:qa.com.test.testcases.LoginTestcase@4678c730]" name="beforeTest" is-config="true" duration-ms="9932" started-at="2019-12-11T15:57:49Z" finished-at="2019-12-11T15:57:58Z">
          <reporter-output>
          </reporter-output>
        </test-method> <!-- beforeTest -->
        <test-method status="PASS" signature="EmailFacebookLogin()[pri:0, instance:qa.com.test.testcases.LoginTestcase@4678c730]" name="EmailFacebookLogin" duration-ms="9632" started-at="2019-12-11T15:57:58Z" finished-at="2019-12-11T15:58:08Z">
          <reporter-output>
          </reporter-output>
        </test-method> <!-- EmailFacebookLogin -->
        <test-method status="PASS" signature="afterTest()[pri:0, instance:qa.com.test.testcases.LoginTestcase@4678c730]" name="afterTest" is-config="true" duration-ms="250" started-at="2019-12-11T15:58:08Z" finished-at="2019-12-11T15:58:08Z">
          <reporter-output>
          </reporter-output>
        </test-method> <!-- afterTest -->
        <test-method status="PASS" signature="beforeTest()[pri:0, instance:qa.com.test.testcases.LoginTestcase@4678c730]" name="beforeTest" is-config="true" duration-ms="8625" started-at="2019-12-11T15:58:08Z" finished-at="2019-12-11T15:58:17Z">
          <reporter-output>
          </reporter-output>
        </test-method> <!-- beforeTest -->
        <test-method status="FAIL" signature="GoogleLoginTestcase()[pri:0, instance:qa.com.test.testcases.LoginTestcase@4678c730]" name="GoogleLoginTestcase" duration-ms="1553" started-at="2019-12-11T15:58:17Z" finished-at="2019-12-11T15:58:19Z">
          <exception class="java.util.NoSuchElementException">
            <full-stacktrace>
              <![CDATA[java.util.NoSuchElementException
	at java.util.LinkedHashMap$LinkedHashIterator.nextNode(Unknown Source)
	at java.util.LinkedHashMap$LinkedKeyIterator.next(Unknown Source)
	at qa.com.pages.LoginPage.googleButtonClick(LoginPage.java:169)
	at qa.com.test.scenarios.LoginScenario.googleLogin(LoginScenario.java:45)
	at qa.com.test.testcases.LoginTestcase.GoogleLoginTestcase(LoginTestcase.java:75)
	at sun.reflect.NativeMethodAccessorImpl.invoke0(Native Method)
	at sun.reflect.NativeMethodAccessorImpl.invoke(Unknown Source)
	at sun.reflect.DelegatingMethodAccessorImpl.invoke(Unknown Source)
	at java.lang.reflect.Method.invoke(Unknown Source)
	at org.testng.internal.MethodInvocationHelper.invokeMethod(MethodInvocationHelper.java:80)
	at org.testng.internal.Invoker.invokeMethod(Invoker.java:714)
	at org.testng.internal.Invoker.invokeTestMethod(Invoker.java:901)
	at org.testng.internal.Invoker.invokeTestMethods(Invoker.java:1231)
	at org.testng.internal.TestMethodWorker.invokeTestMethods(TestMethodWorker.java:127)
	at org.testng.internal.TestMethodWorker.run(TestMethodWorker.java:111)
	at org.testng.TestRunner.privateRun(TestRunner.java:767)
	at org.testng.TestRunner.run(TestRunner.java:617)
	at org.testng.SuiteRunner.runTest(SuiteRunner.java:334)
	at org.testng.SuiteRunner.runSequentially(SuiteRunner.java:329)
	at org.testng.SuiteRunner.privateRun(SuiteRunner.java:291)
	at org.testng.SuiteRunner.run(SuiteRunner.java:240)
	at org.testng.SuiteRunnerWorker.runSuite(SuiteRunnerWorker.java:52)
	at org.testng.SuiteRunnerWorker.run(SuiteRunnerWorker.java:86)
	at org.testng.TestNG.runSuitesSequentially(TestNG.java:1198)
	at org.testng.TestNG.runSuitesLocally(TestNG.java:1123)
	at org.testng.TestNG.run(TestNG.java:1031)
	at org.testng.remote.AbstractRemoteTestNG.run(AbstractRemoteTestNG.java:115)
	at org.testng.remote.RemoteTestNG.initAndRun(RemoteTestNG.java:251)
	at org.testng.remote.RemoteTestNG.main(RemoteTestNG.java:77)
]]>
            </full-stacktrace>
          </exception> <!-- java.util.NoSuchElementException -->
          <reporter-output>
          </reporter-output>
        </test-method> <!-- GoogleLoginTestcase -->
        <test-method status="PASS" signature="afterTest()[pri:0, instance:qa.com.test.testcases.LoginTestcase@4678c730]" name="afterTest" is-config="true" duration-ms="171" started-at="2019-12-11T15:58:19Z" finished-at="2019-12-11T15:58:19Z">
          <reporter-output>
          </reporter-output>
        </test-method> <!-- afterTest -->
        <test-method status="PASS" signature="beforeTest()[pri:0, instance:qa.com.test.testcases.LoginTestcase@4678c730]" name="beforeTest" is-config="true" duration-ms="8440" started-at="2019-12-11T15:58:19Z" finished-at="2019-12-11T15:58:27Z">
          <reporter-output>
          </reporter-output>
        </test-method> <!-- beforeTest -->
        <test-method status="PASS" signature="LoginManualEmailPasswordOnboard()[pri:0, instance:qa.com.test.testcases.LoginTestcase@4678c730]" name="LoginManualEmailPasswordOnboard" duration-ms="2767" started-at="2019-12-11T15:58:27Z" finished-at="2019-12-11T15:58:30Z">
          <reporter-output>
          </reporter-output>
        </test-method> <!-- LoginManualEmailPasswordOnboard -->
        <test-method status="PASS" signature="afterTest()[pri:0, instance:qa.com.test.testcases.LoginTestcase@4678c730]" name="afterTest" is-config="true" duration-ms="129" started-at="2019-12-11T15:58:30Z" finished-at="2019-12-11T15:58:30Z">
          <reporter-output>
          </reporter-output>
        </test-method> <!-- afterTest -->
        <test-method status="PASS" signature="tearDownTest()[pri:0, instance:qa.com.test.testcases.LoginTestcase@4678c730]" name="tearDownTest" is-config="true" duration-ms="1" started-at="2019-12-11T15:58:30Z" finished-at="2019-12-11T15:58:30Z">
          <reporter-output>
          </reporter-output>
        </test-method> <!-- tearDownTest -->
      </class> <!-- qa.com.test.testcases.LoginTestcase -->
    </test> <!-- Default test -->
  </suite> <!-- Default suite -->
</testng-results>
