<?xml version="1.0" encoding="UTF-8"?>
<testng-results skipped="0" failed="0" total="1" passed="1">
  <reporter-output>
  </reporter-output>
  <suite name="Default suite" duration-ms="53749" started-at="2019-12-16T09:16:47Z" finished-at="2019-12-16T09:17:41Z">
    <groups>
    </groups>
    <test name="Default test" duration-ms="53749" started-at="2019-12-16T09:16:47Z" finished-at="2019-12-16T09:17:41Z">
      <class name="qa.com.test.testcases.SellerOnboardingTestcase">
        <test-method status="PASS" signature="setupTest()[pri:0, instance:qa.com.test.testcases.SellerOnboardingTestcase@4678c730]" name="setupTest" is-config="true" duration-ms="396" started-at="2019-12-16T14:46:47Z" finished-at="2019-12-16T14:46:47Z">
          <reporter-output>
          </reporter-output>
        </test-method> <!-- setupTest -->
        <test-method status="PASS" signature="beforeTest()[pri:0, instance:qa.com.test.testcases.SellerOnboardingTestcase@4678c730]" name="beforeTest" is-config="true" duration-ms="10115" started-at="2019-12-16T14:46:47Z" finished-at="2019-12-16T14:46:57Z">
          <reporter-output>
          </reporter-output>
        </test-method> <!-- beforeTest -->
        <test-method status="PASS" signature="sellerOnboardingUsingDataBaseskill()[pri:0, instance:qa.com.test.testcases.SellerOnboardingTestcase@4678c730]" name="sellerOnboardingUsingDataBaseskill" duration-ms="43405" started-at="2019-12-16T14:46:57Z" finished-at="2019-12-16T14:47:41Z">
          <reporter-output>
          </reporter-output>
        </test-method> <!-- sellerOnboardingUsingDataBaseskill -->
        <test-method status="PASS" signature="afterTest()[pri:0, instance:qa.com.test.testcases.SellerOnboardingTestcase@4678c730]" name="afterTest" is-config="true" duration-ms="202" started-at="2019-12-16T14:47:41Z" finished-at="2019-12-16T14:47:41Z">
          <reporter-output>
          </reporter-output>
        </test-method> <!-- afterTest -->
        <test-method status="PASS" signature="tearDownTest()[pri:0, instance:qa.com.test.testcases.SellerOnboardingTestcase@4678c730]" name="tearDownTest" is-config="true" duration-ms="578" started-at="2019-12-16T14:47:41Z" finished-at="2019-12-16T14:47:42Z">
          <reporter-output>
          </reporter-output>
        </test-method> <!-- tearDownTest -->
      </class> <!-- qa.com.test.testcases.SellerOnboardingTestcase -->
    </test> <!-- Default test -->
  </suite> <!-- Default suite -->
</testng-results>
